Open5GS daemon v2.7.0

12/12 09:13:11.825: [app] INFO: Configuration: '/etc/open5gs/amf.yaml' (../lib/app/ogs-init.c:130)
12/12 09:13:11.825: [app] INFO: File Logging: '/var/log/open5gs/amf.log' (../lib/app/ogs-init.c:133)
12/12 09:13:11.825: [app] INFO: LOG-LEVEL: 'info' (../lib/app/ogs-init.c:136)
12/12 09:13:11.829: [metrics] ERROR: Cannot start Prometheus HTTP server (../lib/metrics/prometheus/context.c:282)
12/12 09:13:11.829: [sbi] INFO: NF Service [namf-comm] (../lib/sbi/context.c:1812)
12/12 09:13:11.829: [sbi] INFO: nghttp2_server() [http://127.0.0.5]:7777 (../lib/sbi/nghttp2-server.c:414)
12/12 09:13:11.829: [amf] INFO: ngap_server() [100.122.126.173]:38412 (../src/amf/ngap-sctp.c:61)
12/12 09:13:11.829: [sctp] INFO: AMF initialize...done (../src/amf/app.c:33)
12/12 09:13:11.830: [sbi] WARNING: [7] Failed to connect to 127.0.0.200 port 7777: Connection refused (../lib/sbi/client.c:698)
12/12 09:13:11.830: [sbi] WARNING: ogs_sbi_client_handler() failed [-1] (../lib/sbi/path.c:62)
12/12 09:13:22.832: [sbi] WARNING: [953e77ce-98f8-41ee-8a32-27bdc423cea4] Retry registration with NRF (../lib/sbi/nf-sm.c:182)
12/12 09:13:22.833: [sbi] INFO: [953e77ce-98f8-41ee-8a32-27bdc423cea4] NF registered [Heartbeat:10s] (../lib/sbi/nf-sm.c:221)
12/12 09:13:22.835: [sbi] INFO: [9bcdfcea-98f8-41ee-815a-7bb055bde1df] Subscription created until 2023-12-13T09:13:22.834360-05:00 [duration:86400,validity:86399.999286,patch:43199.999643] (../lib/sbi/nnrf-handler.c:708)
12/12 09:13:22.835: [sbi] INFO: [9bce09ec-98f8-41ee-815a-7bb055bde1df] Subscription created until 2023-12-13T09:13:22.834713-05:00 [duration:86400,validity:86399.999385,patch:43199.999692] (../lib/sbi/nnrf-handler.c:708)
12/12 09:13:22.835: [sbi] INFO: [9bce10a4-98f8-41ee-815a-7bb055bde1df] Subscription created until 2023-12-13T09:13:22.834863-05:00 [duration:86400,validity:86399.999010,patch:43199.999505] (../lib/sbi/nnrf-handler.c:708)
12/12 09:13:22.836: [sbi] INFO: [9bce1392-98f8-41ee-815a-7bb055bde1df] Subscription created until 2023-12-13T09:13:22.834937-05:00 [duration:86400,validity:86399.998753,patch:43199.999376] (../lib/sbi/nnrf-handler.c:708)
12/12 09:13:22.836: [sbi] INFO: [9bce2152-98f8-41ee-815a-7bb055bde1df] Subscription created until 2023-12-13T09:13:22.835293-05:00 [duration:86400,validity:86399.998783,patch:43199.999391] (../lib/sbi/nnrf-handler.c:708)
12/12 09:13:22.836: [sbi] INFO: [9bce2418-98f8-41ee-815a-7bb055bde1df] Subscription created until 2023-12-13T09:13:22.835364-05:00 [duration:86400,validity:86399.998810,patch:43199.999405] (../lib/sbi/nnrf-handler.c:708)
12/12 09:13:22.836: [sbi] INFO: [9bce27c4-98f8-41ee-815a-7bb055bde1df] Subscription created until 2023-12-13T09:13:22.835476-05:00 [duration:86400,validity:86399.998724,patch:43199.999362] (../lib/sbi/nnrf-handler.c:708)
12/12 09:13:43.605: [amf] INFO: gNB-N2 accepted[100.122.126.173]:40786 in ng-path module (../src/amf/ngap-sctp.c:113)
12/12 09:13:43.605: [amf] INFO: gNB-N2 accepted[100.122.126.173] in master_sm module (../src/amf/amf-sm.c:741)
12/12 09:13:43.607: [amf] INFO: [Added] Number of gNBs is now 1 (../src/amf/context.c:1231)
12/12 09:13:43.607: [amf] INFO: gNB-N2[100.122.126.173] max_num_of_ostreams : 10 (../src/amf/amf-sm.c:780)
12/12 09:14:07.932: [amf] INFO: InitialUEMessage (../src/amf/ngap-handler.c:401)
12/12 09:14:07.932: [amf] INFO: [Added] Number of gNB-UEs is now 1 (../src/amf/context.c:2550)
12/12 09:14:07.932: [amf] INFO:     RAN_UE_NGAP_ID[1] AMF_UE_NGAP_ID[1] TAC[77] CellID[0x10] (../src/amf/ngap-handler.c:562)
12/12 09:14:07.932: [amf] INFO: [suci-0-001-01-0000-1-1-90b4c7a8881eb72085b840600593d6477b607e97365d603c25ea02d38407803800489cc62c6a109fa833161c71] Unknown UE by SUCI (../src/amf/context.c:1835)
12/12 09:14:07.932: [amf] INFO: [Added] Number of AMF-UEs is now 1 (../src/amf/context.c:1616)
12/12 09:14:07.932: [gmm] INFO: Registration request (../src/amf/gmm-sm.c:1165)
12/12 09:14:07.932: [gmm] INFO: [suci-0-001-01-0000-1-1-90b4c7a8881eb72085b840600593d6477b607e97365d603c25ea02d38407803800489cc62c6a109fa833161c71]    SUCI (../src/amf/gmm-handler.c:166)
12/12 09:14:07.935: [sbi] INFO: [AUSF] (SCP-discover) NF registered [9545d514-98f8-41ee-8d99-b784bee8d02e:1] (../lib/sbi/path.c:211)
12/12 09:14:07.942: [sbi] INFO: [UDM] (SCP-discover) NF registered [9547afb0-98f8-41ee-9759-cf2e20edd9b4:1] (../lib/sbi/path.c:211)
12/12 09:14:07.944: [sbi] WARNING: [UDM] (SCP-discover) NF has already been added [9547afb0-98f8-41ee-9759-cf2e20edd9b4:2] (../lib/sbi/path.c:216)
12/12 09:14:07.949: [sbi] INFO: [PCF] (SCP-discover) NF registered [954b1d94-98f8-41ee-90f6-9d99de2d1b3f:1] (../lib/sbi/path.c:211)
12/12 09:14:08.152: [gmm] INFO: [imsi-001010000560125] Registration complete (../src/amf/gmm-sm.c:2146)
12/12 09:14:08.152: [amf] INFO: [imsi-001010000560125] Configuration update command (../src/amf/nas-path.c:612)
12/12 09:14:08.152: [gmm] INFO:     UTC [2023-12-12T14:14:08] Timezone[0]/DST[0] (../src/amf/gmm-build.c:559)
12/12 09:14:08.152: [gmm] INFO:     LOCAL [2023-12-12T09:14:08] Timezone[-18000]/DST[0] (../src/amf/gmm-build.c:564)
12/12 09:14:08.152: [amf] INFO: [Added] Number of AMF-Sessions is now 1 (../src/amf/context.c:2571)
12/12 09:14:08.152: [gmm] INFO: UE SUPI[imsi-001010000560125] DNN[apn] S_NSSAI[SST:1 SD:0xffffff] smContextRef [NULL] (../src/amf/gmm-handler.c:1241)
12/12 09:14:08.152: [gmm] INFO: No SMF Instance (../src/amf/gmm-handler.c:1278)
12/12 09:14:08.154: [sbi] INFO: [NSSF] (SCP-discover) NF registered [954cbac8-98f8-41ee-b8d1-cb6327c21f0f:1] (../lib/sbi/path.c:211)
12/12 09:14:08.159: [sbi] INFO: [SMF] (SCP-discover) NF registered [954709ac-98f8-41ee-8158-13bf84ae9ebe:1] (../lib/sbi/path.c:211)
12/12 09:14:08.168: [amf] INFO: [imsi-001010000560125:1:11][0:0:NULL] /nsmf-pdusession/v1/sm-contexts/{smContextRef}/modify (../src/amf/nsmf-handler.c:837)
12/12 09:14:37.679: [amf] INFO: gNB-N2[100.122.126.173] connection refused!!! (../src/amf/amf-sm.c:793)
12/12 09:14:37.679: [amf] INFO: [Removed] Number of gNBs is now 0 (../src/amf/context.c:1258)
12/12 09:14:37.680: [amf] INFO: [Removed] Number of gNB-UEs is now 0 (../src/amf/context.c:2557)
12/12 09:14:37.680: [amf] INFO: [imsi-001010000560125:1:51][0:0:NULL] /nsmf-pdusession/v1/sm-contexts/{smContextRef}/modify (../src/amf/nsmf-handler.c:837)
12/12 09:21:03.533: [amf] INFO: gNB-N2 accepted[100.122.126.173]:48698 in ng-path module (../src/amf/ngap-sctp.c:113)
12/12 09:21:03.533: [amf] INFO: gNB-N2 accepted[100.122.126.173] in master_sm module (../src/amf/amf-sm.c:741)
12/12 09:21:03.534: [amf] INFO: [Added] Number of gNBs is now 1 (../src/amf/context.c:1231)
12/12 09:21:03.534: [amf] INFO: gNB-N2[100.122.126.173] max_num_of_ostreams : 10 (../src/amf/amf-sm.c:780)
12/12 09:21:10.546: [amf] INFO: InitialUEMessage (../src/amf/ngap-handler.c:401)
12/12 09:21:10.546: [amf] INFO: [Added] Number of gNB-UEs is now 1 (../src/amf/context.c:2550)
12/12 09:21:10.546: [amf] INFO:     RAN_UE_NGAP_ID[1] AMF_UE_NGAP_ID[2] TAC[77] CellID[0x10] (../src/amf/ngap-handler.c:562)
12/12 09:21:10.546: [amf] INFO: [suci-0-001-01-0000-1-1-a6be38c04271fa0f5fa0f4160883b48dfa56c6c1cb14c978dc2a8826ac33db661816b0f97d65959377db054acd] Unknown UE by SUCI (../src/amf/context.c:1835)
12/12 09:21:10.546: [amf] INFO: [Added] Number of AMF-UEs is now 2 (../src/amf/context.c:1616)
12/12 09:21:10.546: [gmm] INFO: Registration request (../src/amf/gmm-sm.c:1165)
12/12 09:21:10.546: [gmm] INFO: [suci-0-001-01-0000-1-1-a6be38c04271fa0f5fa0f4160883b48dfa56c6c1cb14c978dc2a8826ac33db661816b0f97d65959377db054acd]    SUCI (../src/amf/gmm-handler.c:166)
12/12 09:21:10.550: [sbi] WARNING: [AUSF] (SCP-discover) NF has already been added [9545d514-98f8-41ee-8d99-b784bee8d02e:2] (../lib/sbi/path.c:216)
12/12 09:21:10.558: [sbi] WARNING: [UDM] (SCP-discover) NF has already been added [9547afb0-98f8-41ee-9759-cf2e20edd9b4:3] (../lib/sbi/path.c:216)
12/12 09:21:10.560: [sbi] WARNING: [UDM] (SCP-discover) NF has already been added [9547afb0-98f8-41ee-9759-cf2e20edd9b4:4] (../lib/sbi/path.c:216)
12/12 09:21:10.564: [sbi] WARNING: [PCF] (SCP-discover) NF has already been added [954b1d94-98f8-41ee-90f6-9d99de2d1b3f:2] (../lib/sbi/path.c:216)
12/12 09:21:10.768: [gmm] INFO: [imsi-001010000560125] Registration complete (../src/amf/gmm-sm.c:2146)
12/12 09:21:10.768: [amf] INFO: [imsi-001010000560125] Configuration update command (../src/amf/nas-path.c:612)
12/12 09:21:10.768: [gmm] INFO:     UTC [2023-12-12T14:21:10] Timezone[0]/DST[0] (../src/amf/gmm-build.c:559)
12/12 09:21:10.768: [gmm] INFO:     LOCAL [2023-12-12T09:21:10] Timezone[-18000]/DST[0] (../src/amf/gmm-build.c:564)
12/12 09:21:10.768: [amf] INFO: [Added] Number of AMF-Sessions is now 2 (../src/amf/context.c:2571)
12/12 09:21:10.768: [gmm] INFO: UE SUPI[imsi-001010000560125] DNN[apn] S_NSSAI[SST:1 SD:0xffffff] smContextRef [NULL] (../src/amf/gmm-handler.c:1241)
12/12 09:21:10.768: [gmm] INFO: SMF Instance [954709ac-98f8-41ee-8158-13bf84ae9ebe] (../src/amf/gmm-handler.c:1280)
12/12 09:21:10.783: [amf] INFO: [imsi-001010000560125:1:11][0:0:NULL] /nsmf-pdusession/v1/sm-contexts/{smContextRef}/modify (../src/amf/nsmf-handler.c:837)
12/12 09:27:37.684: [gmm] WARNING: [imsi-001010000560125] Mobile Reachable Timer Expired (../src/amf/gmm-sm.c:704)
12/12 09:40:37.688: [gmm] INFO: [imsi-001010000560125] Do Network-initiated De-register UE (../src/amf/gmm-sm.c:744)
12/12 09:40:37.693: [amf] ERROR: [imsi-001010000560125] HTTP response error [404] (../src/amf/amf-sm.c:494)
12/12 09:40:37.693: [amf] INFO: [imsi-001010000560125:1] Release SM Context [state:2] (../src/amf/nsmf-handler.c:1027)
12/12 09:40:37.693: [amf] INFO: [Removed] Number of AMF-Sessions is now 1 (../src/amf/context.c:2578)
12/12 09:40:37.693: [gmm] WARNING: [imsi-001010000560125] Implicit De-registered (../src/amf/gmm-sm.c:1078)
12/12 09:40:37.693: [amf] INFO: [Removed] Number of AMF-UEs is now 1 (../src/amf/context.c:1709)
12/12 09:41:32.666: [amf] INFO: gNB-N2[100.122.126.173] connection refused!!! (../src/amf/amf-sm.c:793)
12/12 09:41:32.666: [amf] INFO: [Removed] Number of gNBs is now 0 (../src/amf/context.c:1258)
12/12 09:41:32.667: [amf] INFO: [Removed] Number of gNB-UEs is now 0 (../src/amf/context.c:2557)
12/12 09:41:32.667: [amf] INFO: [imsi-001010000560125:1:51][0:0:NULL] /nsmf-pdusession/v1/sm-contexts/{smContextRef}/modify (../src/amf/nsmf-handler.c:837)
12/12 09:42:27.012: [sbi] WARNING: [SMF] (NRF-notify) NF was referenced in other contexts [954709ac-98f8-41ee-8158-13bf84ae9ebe:2] (../lib/sbi/nnrf-handler.c:959)
12/12 09:42:27.135: [app] INFO: SIGTERM received (../src/main.c:53)
12/12 09:42:27.135: [app] INFO: Open5GS daemon terminating... (../src/main.c:226)
12/12 09:42:27.135: [sbi] INFO: [953e77ce-98f8-41ee-8a32-27bdc423cea4] NF de-registered (../lib/sbi/nf-sm.c:248)
12/12 09:42:27.137: [amf] INFO: [Removed] Number of AMF-Sessions is now 0 (../src/amf/context.c:2578)
12/12 09:42:27.137: [amf] INFO: [Removed] Number of AMF-UEs is now 0 (../src/amf/context.c:1709)
12/12 09:42:27.138: [sctp] INFO: AMF terminate...done (../src/amf/app.c:42)
Open5GS daemon v2.7.0

12/12 09:42:33.850: [app] INFO: Configuration: '/etc/open5gs/amf.yaml' (../lib/app/ogs-init.c:130)
12/12 09:42:33.850: [app] INFO: File Logging: '/var/log/open5gs/amf.log' (../lib/app/ogs-init.c:133)
12/12 09:42:33.850: [app] INFO: LOG-LEVEL: 'info' (../lib/app/ogs-init.c:136)
12/12 09:42:33.854: [metrics] ERROR: Cannot start Prometheus HTTP server (../lib/metrics/prometheus/context.c:282)
12/12 09:42:33.854: [sbi] INFO: NF Service [namf-comm] (../lib/sbi/context.c:1812)
12/12 09:42:33.854: [sbi] INFO: nghttp2_server() [http://127.0.0.5]:7777 (../lib/sbi/nghttp2-server.c:414)
12/12 09:42:33.855: [amf] INFO: ngap_server() [100.122.126.173]:38412 (../src/amf/ngap-sctp.c:61)
12/12 09:42:33.855: [sctp] INFO: AMF initialize...done (../src/amf/app.c:33)
12/12 09:42:33.855: [sbi] WARNING: [7] Failed to connect to 127.0.0.200 port 7777: Connection refused (../lib/sbi/client.c:698)
12/12 09:42:33.855: [sbi] WARNING: ogs_sbi_client_handler() failed [-1] (../lib/sbi/path.c:62)
12/12 09:42:42.930: [amf] INFO: gNB-N2 accepted[100.122.126.173]:58248 in ng-path module (../src/amf/ngap-sctp.c:113)
12/12 09:42:42.930: [amf] INFO: gNB-N2 accepted[100.122.126.173] in master_sm module (../src/amf/amf-sm.c:741)
12/12 09:42:42.932: [amf] INFO: [Added] Number of gNBs is now 1 (../src/amf/context.c:1231)
12/12 09:42:42.932: [amf] INFO: gNB-N2[100.122.126.173] max_num_of_ostreams : 10 (../src/amf/amf-sm.c:780)
12/12 09:42:44.857: [sbi] WARNING: [af7e27c0-98fc-41ee-b6fe-5f6db8f25195] Retry registration with NRF (../lib/sbi/nf-sm.c:182)
12/12 09:42:44.859: [sbi] INFO: [af7e27c0-98fc-41ee-b6fe-5f6db8f25195] NF registered [Heartbeat:10s] (../lib/sbi/nf-sm.c:221)
12/12 09:42:44.860: [sbi] INFO: [b60dbb46-98fc-41ee-b416-e100e2bae739] Subscription created until 2023-12-13T09:42:44.859792-05:00 [duration:86400,validity:86399.999381,patch:43199.999690] (../lib/sbi/nnrf-handler.c:708)
12/12 09:42:44.860: [sbi] INFO: [b60dc3ca-98fc-41ee-b416-e100e2bae739] Subscription created until 2023-12-13T09:42:44.860006-05:00 [duration:86400,validity:86399.999027,patch:43199.999513] (../lib/sbi/nnrf-handler.c:708)
12/12 09:42:44.861: [sbi] INFO: [b60dcb86-98fc-41ee-b416-e100e2bae739] Subscription created until 2023-12-13T09:42:44.860204-05:00 [duration:86400,validity:86399.998941,patch:43199.999470] (../lib/sbi/nnrf-handler.c:708)
12/12 09:42:44.861: [sbi] INFO: [b60dcdf2-98fc-41ee-b416-e100e2bae739] Subscription created until 2023-12-13T09:42:44.860287-05:00 [duration:86400,validity:86399.998843,patch:43199.999421] (../lib/sbi/nnrf-handler.c:708)
12/12 09:42:44.861: [sbi] INFO: [b60dd7ca-98fc-41ee-b416-e100e2bae739] Subscription created until 2023-12-13T09:42:44.860539-05:00 [duration:86400,validity:86399.998769,patch:43199.999384] (../lib/sbi/nnrf-handler.c:708)
12/12 09:42:44.862: [sbi] INFO: [b60ddb12-98fc-41ee-b416-e100e2bae739] Subscription created until 2023-12-13T09:42:44.860604-05:00 [duration:86400,validity:86399.998613,patch:43199.999306] (../lib/sbi/nnrf-handler.c:708)
12/12 09:42:44.862: [sbi] INFO: [b60ddf72-98fc-41ee-b416-e100e2bae739] Subscription created until 2023-12-13T09:42:44.860714-05:00 [duration:86400,validity:86399.998640,patch:43199.999320] (../lib/sbi/nnrf-handler.c:708)

12/12 09:42:52.602: [amf] INFO: InitialUEMessage (../src/amf/ngap-handler.c:401)
12/12 09:42:52.602: [amf] INFO: [Added] Number of gNB-UEs is now 1 (../src/amf/context.c:2550)
12/12 09:42:52.602: [amf] INFO:     RAN_UE_NGAP_ID[1] AMF_UE_NGAP_ID[1] TAC[77] CellID[0x10] (../src/amf/ngap-handler.c:562)
12/12 09:42:52.602: [amf] INFO: [suci-0-001-01-0000-1-1-bc0d7df5859fd026f011182b07e35c7f15199ecda08d318089a8184ff0528e3a0c952f41f48356a46fdb71ad19] Unknown UE by SUCI (../src/amf/context.c:1835)
12/12 09:42:52.602: [amf] INFO: [Added] Number of AMF-UEs is now 1 (../src/amf/context.c:1616)
12/12 09:42:52.602: [gmm] INFO: Registration request (../src/amf/gmm-sm.c:1165)
12/12 09:42:52.602: [gmm] INFO: [suci-0-001-01-0000-1-1-bc0d7df5859fd026f011182b07e35c7f15199ecda08d318089a8184ff0528e3a0c952f41f48356a46fdb71ad19]    SUCI (../src/amf/gmm-handler.c:166)
12/12 09:42:52.606: [sbi] INFO: [AUSF] (SCP-discover) NF registered [af863fa0-98fc-41ee-9396-f98765827d74:1] (../lib/sbi/path.c:211)
12/12 09:42:52.613: [sbi] INFO: [UDM] (SCP-discover) NF registered [af889886-98fc-41ee-bc6c-61973778b804:1] (../lib/sbi/path.c:211)
12/12 09:42:52.615: [sbi] WARNING: [UDM] (SCP-discover) NF has already been added [af889886-98fc-41ee-bc6c-61973778b804:2] (../lib/sbi/path.c:216)
12/12 09:42:52.619: [sbi] INFO: [PCF] (SCP-discover) NF registered [af8ce7d8-98fc-41ee-9ca1-293aa05fc212:1] (../lib/sbi/path.c:211)
12/12 09:42:52.820: [gmm] INFO: [imsi-001010000560125] Registration complete (../src/amf/gmm-sm.c:2146)
12/12 09:42:52.820: [amf] INFO: [imsi-001010000560125] Configuration update command (../src/amf/nas-path.c:612)

12/12 09:42:52.820: [gmm] INFO:     UTC [2023-12-12T14:42:52] Timezone[0]/DST[0] (../src/amf/gmm-build.c:559)
12/12 09:42:52.820: [gmm] INFO:     LOCAL [2023-12-12T09:42:52] Timezone[-18000]/DST[0] (../src/amf/gmm-build.c:564)
12/12 09:42:52.820: [amf] INFO: [Added] Number of AMF-Sessions is now 1 (../src/amf/context.c:2571)
12/12 09:42:52.820: [gmm] INFO: UE SUPI[imsi-001010000560125] DNN[apn] S_NSSAI[SST:1 SD:0xffffff] smContextRef [NULL] (../src/amf/gmm-handler.c:1241)
12/12 09:42:52.821: [gmm] INFO: No SMF Instance (../src/amf/gmm-handler.c:1278)
12/12 09:42:52.822: [sbi] INFO: [NSSF] (SCP-discover) NF registered [af8d2040-98fc-41ee-b500-cf41bd5e7661:1] (../lib/sbi/path.c:211)
12/12 09:42:52.826: [sbi] INFO: [SMF] (SCP-discover) NF registered [af87df9a-98fc-41ee-b5ca-37692c527633:1] (../lib/sbi/path.c:211)
12/12 09:42:52.839: [amf] INFO: [imsi-001010000560125:1:11][0:0:NULL] /nsmf-pdusession/v1/sm-contexts/{smContextRef}/modify (../src/amf/nsmf-handler.c:837)
12/12 09:42:59.026: [amf] INFO: gNB-N2[100.122.126.173] connection refused!!! (../src/amf/amf-sm.c:793)
12/12 09:42:59.026: [amf] INFO: [Removed] Number of gNBs is now 0 (../src/amf/context.c:1258)
12/12 09:42:59.027: [amf] INFO: [Removed] Number of gNB-UEs is now 0 (../src/amf/context.c:2557)
12/12 09:42:59.027: [amf] INFO: [imsi-001010000560125:1:51][0:0:NULL] /nsmf-pdusession/v1/sm-contexts/{smContextRef}/modify (../src/amf/nsmf-handler.c:837)
12/12 09:43:09.418: [sbi] WARNING: [SMF] (NRF-notify) NF was referenced in other contexts [af87df9a-98fc-41ee-b5ca-37692c527633:2] (../lib/sbi/nnrf-handler.c:959)
12/12 09:43:09.553: [app] INFO: SIGTERM received (../src/main.c:53)
12/12 09:43:09.553: [app] INFO: Open5GS daemon terminating... (../src/main.c:226)
12/12 09:43:09.553: [sbi] INFO: [af7e27c0-98fc-41ee-b6fe-5f6db8f25195] NF de-registered (../lib/sbi/nf-sm.c:248)
12/12 09:43:09.554: [amf] INFO: [Removed] Number of AMF-Sessions is now 0 (../src/amf/context.c:2578)
12/12 09:43:09.554: [amf] INFO: [Removed] Number of AMF-UEs is now 0 (../src/amf/context.c:1709)
12/12 09:43:09.555: [sctp] INFO: AMF terminate...done (../src/amf/app.c:42)
